<?xml version="1.0" encoding="utf-8"?><testsuites name="pytest tests"><testsuite name="pytest" errors="0" failures="0" skipped="0" tests="11" time="17.833" timestamp="2026-03-01T05:52:40.737571+00:00" hostname="agent-env-968f94d3-a237-44d2-976f-240adff592a6"><testcase classname="backend.tests.test_iter3_tasks_refresh.TestOldCronEndpointGone" name="test_old_cron_endpoint_returns_404_or_405" time="0.627" /><testcase classname="backend.tests.test_iter3_tasks_refresh.TestOldCronEndpointGone" name="test_old_cron_endpoint_no_auth_also_returns_404_or_405" time="0.365" /><testcase classname="backend.tests.test_iter3_tasks_refresh.TestTasksRefreshCreditsAuth" name="test_no_header_returns_401" time="0.364" /><testcase classname="backend.tests.test_iter3_tasks_refresh.TestTasksRefreshCreditsAuth" name="test_wrong_secret_returns_401" time="0.475" /><testcase classname="backend.tests.test_iter3_tasks_refresh.TestTasksRefreshCreditsAuth" name="test_old_authorization_bearer_returns_401" time="0.355" /><testcase classname="backend.tests.test_iter3_tasks_refresh.TestTasksRefreshCreditsAuth" name="test_correct_x_cron_secret_returns_200" time="0.376" /><testcase classname="backend.tests.test_iter3_tasks_refresh.TestTasksRefreshCreditsAuth" name="test_correct_x_cron_secret_returns_required_fields" time="0.370" /><testcase classname="backend.tests.test_iter3_tasks_refresh.TestTasksRefreshCreditsAuth" name="test_response_refreshed_lte_checked" time="0.357" /><testcase classname="backend.tests.test_iter3_tasks_refresh.TestTasksRefreshCreditsLogic" name="test_expired_subscription_gets_refreshed" time="6.586" /><testcase classname="backend.tests.test_iter3_tasks_refresh.TestTasksRefreshCreditsLogic" name="test_future_renewal_not_refreshed" time="6.077" /><testcase classname="backend.tests.test_iter3_tasks_refresh.TestRevenueCatWebhookUserIdMapping" name="test_initial_purchase_via_user_id_updates_credits" time="1.823" /></testsuite></testsuites>