<?xml version="1.0" encoding="utf-8"?><testsuites name="pytest tests"><testsuite name="pytest" errors="0" failures="0" skipped="0" tests="37" time="27.693" timestamp="2026-04-15T15:25:40.612062+00:00" hostname="agent-env-d25fbf9d-32eb-43a2-bc0d-b325b61c270d"><testcase classname="backend.tests.test_referral_system_v2.TestHealthCheck" name="test_health_endpoint" time="0.542" /><testcase classname="backend.tests.test_referral_system_v2.TestReferralCode" name="test_get_referral_code_requires_auth" time="0.514" /><testcase classname="backend.tests.test_referral_system_v2.TestReferralCode" name="test_get_referral_code_success" time="0.796" /><testcase classname="backend.tests.test_referral_system_v2.TestReferralCode" name="test_get_referral_code_idempotent" time="1.258" /><testcase classname="backend.tests.test_referral_system_v2.TestReferralDashboard" name="test_dashboard_requires_auth" time="0.412" /><testcase classname="backend.tests.test_referral_system_v2.TestReferralDashboard" name="test_dashboard_returns_full_stats" time="0.820" /><testcase classname="backend.tests.test_referral_system_v2.TestPopupEligibility" name="test_popup_eligible_requires_auth" time="0.393" /><testcase classname="backend.tests.test_referral_system_v2.TestPopupEligibility" name="test_popup_eligible_returns_status" time="0.913" /><testcase classname="backend.tests.test_referral_system_v2.TestDismissPopup" name="test_dismiss_popup_requires_auth" time="0.410" /><testcase classname="backend.tests.test_referral_system_v2.TestDismissPopup" name="test_dismiss_popup_success" time="0.838" /><testcase classname="backend.tests.test_referral_system_v2.TestDismissPopup" name="test_dismiss_popup_affects_eligibility" time="1.240" /><testcase classname="backend.tests.test_referral_system_v2.TestCronVerification" name="test_cron_requires_secret" time="0.403" /><testcase classname="backend.tests.test_referral_system_v2.TestCronVerification" name="test_cron_rejects_wrong_secret" time="0.411" /><testcase classname="backend.tests.test_referral_system_v2.TestCronVerification" name="test_cron_success_with_correct_secret" time="0.394" /><testcase classname="backend.tests.test_referral_system_v2.TestReferralLandingPage" name="test_landing_page_valid_code" time="1.239" /><testcase classname="backend.tests.test_referral_system_v2.TestReferralLandingPage" name="test_landing_page_invalid_code" time="0.428" /><testcase classname="backend.tests.test_referral_system_v2.TestReferralLandingPage" name="test_landing_page_case_insensitive" time="1.202" /><testcase classname="backend.tests.test_referral_system_v2.TestAntiAbuse" name="test_referral_code_format_validation" time="0.842" /><testcase classname="backend.tests.test_referral_system_v2.TestAntiAbuse" name="test_dashboard_tracks_fraud_flags" time="0.823" /><testcase classname="backend.tests.test_referral_system_v2.TestReferralStatusFlow" name="test_webhook_endpoint_exists" time="0.405" /><testcase classname="backend.tests.test_referral_system_v2.TestReferralStatusFlow" name="test_webhook_with_auth_requires_body" time="0.417" /><testcase classname="backend.tests.test_referral_system_v2.TestReferralStatusFlow" name="test_webhook_rejects_wrong_auth" time="0.428" /><testcase classname="backend.tests.test_referral_system_v2.TestRewardLogic" name="test_dashboard_shows_reward_progress" time="0.803" /><testcase classname="backend.tests.test_referral_system_v2.TestRewardLogic" name="test_dashboard_shows_free_months" time="0.875" /><testcase classname="backend.tests.test_referral_system_v2.TestAuthWithReferralCode" name="test_apple_auth_accepts_referral_code" time="0.913" /><testcase classname="backend.tests.test_referral_system_v2.TestAuthWithReferralCode" name="test_google_session_accepts_referral_code" time="0.652" /><testcase classname="backend.tests.test_referral_system_v2.TestRegressionHealthEndpoint" name="test_health_endpoint" time="0.395" /><testcase classname="backend.tests.test_referral_integration.TestReferralAttribution" name="test_referral_link_created_on_attribution" time="1.704" /><testcase classname="backend.tests.test_referral_integration.TestReferralAttribution" name="test_self_referral_blocked" time="1.211" /><testcase classname="backend.tests.test_referral_integration.TestReferralAttribution" name="test_duplicate_attribution_blocked" time="0.841" /><testcase classname="backend.tests.test_referral_integration.TestReferralStatusFlow" name="test_status_flow_account_created_to_verification_pending" time="0.411" /><testcase classname="backend.tests.test_referral_integration.TestReferralStatusFlow" name="test_status_flow_cancellation_rejects_referral" time="0.400" /><testcase classname="backend.tests.test_referral_integration.TestVerificationCron" name="test_cron_verifies_active_referrals" time="0.420" /><testcase classname="backend.tests.test_referral_integration.TestVerificationCron" name="test_cron_rejects_inactive_referrals" time="0.412" /><testcase classname="backend.tests.test_referral_integration.TestRewardIssuance" name="test_reward_issued_after_two_verified" time="1.245" /><testcase classname="backend.tests.test_referral_integration.TestPopupCooldown" name="test_popup_cooldown_enforced" time="1.272" /><testcase classname="backend.tests.test_referral_integration.TestPopupCooldown" name="test_popup_eligible_after_cooldown" time="0.862" /></testsuite></testsuites>