<?xml version="1.0" encoding="utf-8"?><testsuites name="pytest tests"><testsuite name="pytest" errors="0" failures="0" skipped="0" tests="34" time="41.475" timestamp="2026-03-01T05:30:06.763996+00:00" hostname="agent-env-968f94d3-a237-44d2-976f-240adff592a6"><testcase classname="backend.tests.test_auth_credits.TestHealth" name="test_health_returns_200" time="0.627" /><testcase classname="backend.tests.test_auth_credits.TestHealth" name="test_health_returns_healthy_status" time="0.485" /><testcase classname="backend.tests.test_auth_credits.TestDemoLogin" name="test_demo_login_returns_200" time="0.365" /><testcase classname="backend.tests.test_auth_credits.TestDemoLogin" name="test_demo_login_returns_user_and_session_token" time="0.358" /><testcase classname="backend.tests.test_auth_credits.TestDemoLogin" name="test_demo_login_user_has_required_fields" time="0.359" /><testcase classname="backend.tests.test_auth_credits.TestDemoLogin" name="test_demo_login_idempotent" time="0.743" /><testcase classname="backend.tests.test_auth_credits.TestAuthMe" name="test_me_with_valid_token" time="0.752" /><testcase classname="backend.tests.test_auth_credits.TestAuthMe" name="test_me_returns_user_and_credits" time="0.359" /><testcase classname="backend.tests.test_auth_credits.TestAuthMe" name="test_me_user_has_required_fields" time="0.373" /><testcase classname="backend.tests.test_auth_credits.TestAuthMe" name="test_me_credits_has_required_fields" time="0.362" /><testcase classname="backend.tests.test_auth_credits.TestAuthMe" name="test_me_demo_account_has_credits" time="0.361" /><testcase classname="backend.tests.test_auth_credits.TestAuthMe" name="test_me_without_token_returns_401" time="0.359" /><testcase classname="backend.tests.test_auth_credits.TestAuthMe" name="test_me_with_invalid_token_returns_401" time="0.356" /><testcase classname="backend.tests.test_auth_credits.TestCreditsDeduct" name="test_deduct_credit_with_valid_token" time="0.733" /><testcase classname="backend.tests.test_auth_credits.TestCreditsDeduct" name="test_deduct_credit_decrements_atomically" time="0.733" /><testcase classname="backend.tests.test_auth_credits.TestCreditsDeduct" name="test_deduct_credit_without_token_returns_401" time="0.359" /><testcase classname="backend.tests.test_auth_credits.TestCreditsDeduct" name="test_deduct_credit_zero_credits_returns_402" time="5.123" /><testcase classname="backend.tests.test_auth_credits.TestAppleSignIn" name="test_apple_signin_with_mock_token" time="1.074" /><testcase classname="backend.tests.test_auth_credits.TestAppleSignIn" name="test_apple_signin_gives_trial_credits" time="1.394" /><testcase classname="backend.tests.test_auth_credits.TestAccountDelete" name="test_delete_account" time="1.050" /><testcase classname="backend.tests.test_auth_credits.TestAccountDelete" name="test_delete_account_removes_user" time="1.406" /><testcase classname="backend.tests.test_auth_credits.TestAccountDelete" name="test_delete_account_without_token_returns_401" time="0.369" /><testcase classname="backend.tests.test_auth_credits.TestRevenueCatWebhook" name="test_webhook_accepts_initial_purchase" time="0.372" /><testcase classname="backend.tests.test_auth_credits.TestRevenueCatWebhook" name="test_webhook_with_valid_user_id_updates_subscription" time="2.171" /><testcase classname="backend.tests.test_auth_credits.TestRevenueCatWebhook" name="test_webhook_pro_tier_gives_500_credits" time="1.781" /><testcase classname="backend.tests.test_auth_credits.TestRevenueCatWebhook" name="test_webhook_renewal_updates_credits" time="3.932" /><testcase classname="backend.tests.test_auth_credits.TestRevenueCatWebhook" name="test_webhook_accepts_cancellation" time="0.360" /><testcase classname="backend.tests.test_auth_credits.TestRevenueCatWebhook" name="test_webhook_unknown_product_id_still_ok" time="0.361" /><testcase classname="backend.tests.test_auth_credits.TestCronEndpoint" name="test_cron_without_auth_returns_401" time="0.369" /><testcase classname="backend.tests.test_auth_credits.TestCronEndpoint" name="test_cron_with_wrong_secret_returns_401" time="0.356" /><testcase classname="backend.tests.test_auth_credits.TestCronEndpoint" name="test_cron_with_correct_secret_returns_200" time="0.372" /><testcase classname="backend.tests.test_auth_credits.TestCronEndpoint" name="test_cron_response_has_required_fields" time="0.371" /><testcase classname="backend.tests.test_auth_credits.TestCronEndpoint" name="test_cron_refreshes_expired_subscriptions" time="6.634" /><testcase classname="backend.tests.test_auth_credits.TestCronEndpoint" name="test_cron_does_not_refresh_future_renewals" time="6.196" /></testsuite></testsuites>