<?xml version="1.0" encoding="utf-8"?><testsuites name="pytest tests"><testsuite name="pytest" errors="0" failures="0" skipped="0" tests="24" time="5.155" timestamp="2026-04-14T18:20:40.883950+00:00" hostname="agent-env-73edba1b-2217-4083-b8ce-ed646f6f874a"><testcase classname="backend.tests.test_subscription_flow.TestDemoLogin" name="test_demo_login_returns_user_and_token" time="0.271" /><testcase classname="backend.tests.test_subscription_flow.TestAuthMe" name="test_auth_me_returns_credits_with_needs_subscription" time="0.385" /><testcase classname="backend.tests.test_subscription_flow.TestAuthMe" name="test_auth_me_without_token_returns_401" time="0.113" /><testcase classname="backend.tests.test_subscription_flow.TestSubscriptionSync" name="test_sync_requires_auth" time="0.079" /><testcase classname="backend.tests.test_subscription_flow.TestSubscriptionSync" name="test_sync_requires_product_id" time="0.242" /><testcase classname="backend.tests.test_subscription_flow.TestSubscriptionSync" name="test_sync_invalid_product_id_returns_400" time="0.172" /><testcase classname="backend.tests.test_subscription_flow.TestSubscriptionSync" name="test_sync_walk_in_tier_paid" time="0.231" /><testcase classname="backend.tests.test_subscription_flow.TestSubscriptionSync" name="test_sync_booked_out_tier_paid" time="0.169" /><testcase classname="backend.tests.test_subscription_flow.TestSubscriptionSync" name="test_sync_the_shop_tier_paid" time="0.204" /><testcase classname="backend.tests.test_subscription_flow.TestSubscriptionSync" name="test_sync_trial_caps_at_10_credits_walk_in" time="0.199" /><testcase classname="backend.tests.test_subscription_flow.TestSubscriptionSync" name="test_sync_trial_caps_at_10_credits_booked_out" time="0.205" /><testcase classname="backend.tests.test_subscription_flow.TestSubscriptionSync" name="test_sync_trial_caps_at_10_credits_the_shop" time="0.203" /><testcase classname="backend.tests.test_subscription_flow.TestSubscriptionSyncIdempotency" name="test_sync_idempotent_same_tier_same_trial_status" time="0.292" /><testcase classname="backend.tests.test_subscription_flow.TestRevenueCatWebhook" name="test_webhook_requires_auth" time="0.081" /><testcase classname="backend.tests.test_subscription_flow.TestRevenueCatWebhook" name="test_webhook_initial_purchase_paid" time="0.086" /><testcase classname="backend.tests.test_subscription_flow.TestRevenueCatWebhook" name="test_webhook_initial_purchase_trial" time="0.084" /><testcase classname="backend.tests.test_subscription_flow.TestRevenueCatWebhook" name="test_webhook_cancellation_sets_tier_expired" time="0.211" /><testcase classname="backend.tests.test_subscription_flow.TestNeedsSubscriptionLogic" name="test_needs_subscription_false_for_walk_in" time="0.258" /><testcase classname="backend.tests.test_subscription_flow.TestNeedsSubscriptionLogic" name="test_needs_subscription_false_for_booked_out" time="0.289" /><testcase classname="backend.tests.test_subscription_flow.TestNeedsSubscriptionLogic" name="test_needs_subscription_false_for_the_shop" time="0.376" /><testcase classname="backend.tests.test_subscription_flow.TestCreditsDeduct" name="test_deduct_requires_auth" time="0.119" /><testcase classname="backend.tests.test_subscription_flow.TestCreditsDeduct" name="test_deduct_credit_atomically" time="0.253" /><testcase classname="backend.tests.test_subscription_flow.TestSubscriptionReactivation" name="test_sync_after_expiration_reactivates" time="0.378" /><testcase classname="backend.tests.test_subscription_flow.TestCleanup" name="test_restore_demo_account" time="0.161" /></testsuite></testsuites>