<?xml version="1.0" encoding="utf-8"?><testsuites name="pytest tests"><testsuite name="pytest" errors="0" failures="0" skipped="0" tests="23" time="19.718" timestamp="2026-03-31T19:37:54.882032+00:00" hostname="agent-env-76fe2fbf-e85f-4f74-9eae-aee467c6c084"><testcase classname="tests.test_paywall_flow" name="test_health" time="0.561" /><testcase classname="tests.test_paywall_flow" name="test_demo_login_returns_credits" time="0.812" /><testcase classname="tests.test_paywall_flow" name="test_subscription_sync_requires_auth" time="0.419" /><testcase classname="tests.test_paywall_flow" name="test_subscription_sync_requires_product_id" time="0.793" /><testcase classname="tests.test_paywall_flow" name="test_subscription_sync_rejects_unknown_product" time="0.880" /><testcase classname="tests.test_paywall_flow" name="test_subscription_sync_updates_correctly" time="1.153" /><testcase classname="tests.test_paywall_flow" name="test_needs_subscription_field_present" time="0.814" /><testcase classname="tests.test_paywall_flow_extended" name="test_health_endpoint" time="0.428" /><testcase classname="tests.test_paywall_flow_extended" name="test_demo_login_returns_session_token_and_user" time="0.433" /><testcase classname="tests.test_paywall_flow_extended" name="test_auth_me_returns_needs_subscription_field" time="0.790" /><testcase classname="tests.test_paywall_flow_extended" name="test_needs_subscription_false_for_active_tier" time="0.764" /><testcase classname="tests.test_paywall_flow_extended" name="test_subscription_sync_requires_auth" time="0.393" /><testcase classname="tests.test_paywall_flow_extended" name="test_subscription_sync_requires_product_id" time="0.805" /><testcase classname="tests.test_paywall_flow_extended" name="test_subscription_sync_rejects_unknown_product" time="0.792" /><testcase classname="tests.test_paywall_flow_extended" name="test_subscription_sync_updates_tier_and_credits" time="1.120" /><testcase classname="tests.test_paywall_flow_extended" name="test_subscription_sync_walk_in_tier" time="1.245" /><testcase classname="tests.test_paywall_flow_extended" name="test_subscription_sync_booked_out_tier" time="0.787" /><testcase classname="tests.test_paywall_flow_extended" name="test_subscription_sync_the_shop_tier" time="1.182" /><testcase classname="tests.test_paywall_flow_extended" name="test_subscription_sync_idempotent" time="1.468" /><testcase classname="tests.test_paywall_flow_extended" name="test_revenuecat_webhook_initial_purchase" time="0.791" /><testcase classname="tests.test_paywall_flow_extended" name="test_refresh_credits_endpoint" time="0.799" /><testcase classname="tests.test_paywall_flow_extended" name="test_auth_me_credit_fields_complete" time="0.892" /><testcase classname="tests.test_paywall_flow_extended" name="test_tier_transitions" time="1.520" /></testsuite></testsuites>