<?xml version="1.0" encoding="utf-8"?><testsuites name="pytest tests"><testsuite name="pytest" errors="0" failures="1" skipped="0" tests="28" time="6.309" timestamp="2026-03-01T07:40:16.873701+00:00" hostname="agent-env-8cfec6e7-f9cf-4f7c-a041-a3fc59bd5193"><testcase classname="backend.tests.test_iter4_credits_studio.TestHealth" name="test_health_returns_200" time="0.270" /><testcase classname="backend.tests.test_iter4_credits_studio.TestHealth" name="test_health_returns_healthy_status" time="0.080" /><testcase classname="backend.tests.test_iter4_credits_studio.TestDemoLogin" name="test_demo_login_returns_200" time="0.153" /><testcase classname="backend.tests.test_iter4_credits_studio.TestDemoLogin" name="test_demo_login_returns_user_and_session_token" time="0.078" /><testcase classname="backend.tests.test_iter4_credits_studio.TestAuthMeNewFields" name="test_me_returns_credits_with_trial_fields" time="0.135" /><testcase classname="backend.tests.test_iter4_credits_studio.TestAuthMeNewFields" name="test_me_returns_credits_with_studio_team_fields" time="0.081" /><testcase classname="backend.tests.test_iter4_credits_studio.TestAuthMeNewFields" name="test_me_demo_account_not_in_studio_team" time="0.042" /><testcase classname="backend.tests.test_iter4_credits_studio.TestTrialCreditsWithDeviceId" name="test_new_user_gets_10_trial_credits" time="0.532" /><testcase classname="backend.tests.test_iter4_credits_studio.TestTrialCreditsWithDeviceId" name="test_same_device_id_denied_second_trial" time="1.055" /><testcase classname="backend.tests.test_iter4_credits_studio.TestTrialCreditsWithDeviceId" name="test_same_email_denied_second_trial" time="0.961" /><testcase classname="backend.tests.test_iter4_credits_studio.TestCreditDeduction" name="test_deduct_credit_returns_200" time="0.100" /><testcase classname="backend.tests.test_iter4_credits_studio.TestCreditDeduction" name="test_deduct_credit_decrements_by_one" time="0.124" /><testcase classname="backend.tests.test_iter4_credits_studio.TestCreditDeduction" name="test_deduct_without_auth_returns_401" time="0.050" /><testcase classname="backend.tests.test_iter4_credits_studio.TestStudioTeamGet" name="test_studio_team_returns_404_for_non_team_user" time="0.043" /><testcase classname="backend.tests.test_iter4_credits_studio.TestStudioTeamGet" name="test_studio_team_without_auth_returns_401" time="0.045" /><testcase classname="backend.tests.test_iter4_credits_studio.TestStudioTeamCreate" name="test_studio_create_requires_the_shop_tier" time="0.081" /><testcase classname="backend.tests.test_iter4_credits_studio.TestStudioTeamCreate" name="test_studio_create_without_auth_returns_401" time="0.042" /><testcase classname="backend.tests.test_iter4_credits_studio.TestStudioTeamInvite" name="test_studio_invite_requires_team_admin" time="0.083" /><testcase classname="backend.tests.test_iter4_credits_studio.TestStudioTeamInvite" name="test_studio_invite_without_auth_returns_401" time="0.039" /><testcase classname="backend.tests.test_iter4_credits_studio.TestStudioTeamAcceptInvite" name="test_accept_invite_invalid_code_returns_404" time="0.043" /><testcase classname="backend.tests.test_iter4_credits_studio.TestStudioTeamAcceptInvite" name="test_accept_invite_without_auth_returns_401" time="0.037" /><testcase classname="backend.tests.test_iter4_credits_studio.TestStudioTeamRemoveMember" name="test_remove_member_requires_admin" time="0.037" /><testcase classname="backend.tests.test_iter4_credits_studio.TestStudioTeamRemoveMember" name="test_remove_member_without_auth_returns_401" time="0.036" /><testcase classname="backend.tests.test_iter4_credits_studio.TestStudioTeamLeave" name="test_leave_team_returns_404_for_non_member" time="0.037" /><testcase classname="backend.tests.test_iter4_credits_studio.TestStudioTeamLeave" name="test_leave_team_without_auth_returns_401" time="0.072" /><testcase classname="backend.tests.test_iter4_credits_studio.TestStudioTeamFullFlow" name="test_studio_team_full_flow_with_the_shop_subscription" time="0.622"><failure message="KeyError: 'is_admin'">backend/tests/test_iter4_credits_studio.py:471: in test_studio_team_full_flow_with_the_shop_subscription
    assert team_info['is_admin'] is True
           ^^^^^^^^^^^^^^^^^^^^^
E   KeyError: 'is_admin'</failure></testcase><testcase classname="backend.tests.test_iter4_credits_studio.TestStudioTeamAdminCannotLeave" name="test_admin_cannot_leave_own_team" time="0.620" /><testcase classname="backend.tests.test_iter4_credits_studio.TestStudioTeamAdminCannotRemoveSelf" name="test_admin_cannot_remove_self" time="0.688" /></testsuite></testsuites>