<?xml version="1.0" encoding="utf-8"?><testsuites name="pytest tests"><testsuite name="pytest" errors="0" failures="0" skipped="0" tests="21" time="10.801" timestamp="2026-04-15T16:08:31.972524+00:00" hostname="agent-env-d25fbf9d-32eb-43a2-bc0d-b325b61c270d"><testcase classname="backend.tests.test_iter9_credits_referral.TestHealthEndpoint" name="test_health_returns_healthy" time="0.628" /><testcase classname="backend.tests.test_iter9_credits_referral.TestAuthMeTotalMonthlyCredits" name="test_auth_me_returns_total_monthly_credits" time="0.848" /><testcase classname="backend.tests.test_iter9_credits_referral.TestAuthMeTotalMonthlyCredits" name="test_auth_me_walk_in_tier_credits" time="0.355" /><testcase classname="backend.tests.test_iter9_credits_referral.TestAuthMeTotalMonthlyCredits" name="test_auth_me_requires_auth" time="0.368" /><testcase classname="backend.tests.test_iter9_credits_referral.TestCreditsDeductTotalMonthlyCredits" name="test_credits_deduct_returns_total_monthly_credits" time="0.715" /><testcase classname="backend.tests.test_iter9_credits_referral.TestCreditsDeductTotalMonthlyCredits" name="test_credits_deduct_requires_auth" time="0.354" /><testcase classname="backend.tests.test_iter9_credits_referral.TestReferralPopupDismissAction" name="test_dismiss_popup_accepts_dismiss_action" time="0.364" /><testcase classname="backend.tests.test_iter9_credits_referral.TestReferralPopupDismissAction" name="test_dismiss_popup_accepts_shared_action" time="0.359" /><testcase classname="backend.tests.test_iter9_credits_referral.TestReferralPopupDismissAction" name="test_dismiss_popup_accepts_copy_action" time="0.354" /><testcase classname="backend.tests.test_iter9_credits_referral.TestReferralPopupDismissAction" name="test_dismiss_popup_accepts_invite_action" time="0.356" /><testcase classname="backend.tests.test_iter9_credits_referral.TestReferralPopupDismissAction" name="test_dismiss_popup_defaults_to_dismiss" time="0.360" /><testcase classname="backend.tests.test_iter9_credits_referral.TestReferralPopupDismissAction" name="test_dismiss_popup_requires_auth" time="0.347" /><testcase classname="backend.tests.test_iter9_credits_referral.TestReferralPopupEligibility" name="test_popup_eligible_returns_response" time="0.352" /><testcase classname="backend.tests.test_iter9_credits_referral.TestReferralPopupEligibility" name="test_popup_eligible_after_dismiss_action" time="0.711" /><testcase classname="backend.tests.test_iter9_credits_referral.TestReferralPopupEligibility" name="test_popup_eligible_after_shared_action" time="0.701" /><testcase classname="backend.tests.test_iter9_credits_referral.TestReferralPopupEligibility" name="test_popup_eligible_requires_auth" time="0.361" /><testcase classname="backend.tests.test_iter9_credits_referral.TestReferralEndpointsRegression" name="test_referral_code_endpoint" time="0.359" /><testcase classname="backend.tests.test_iter9_credits_referral.TestReferralEndpointsRegression" name="test_referral_dashboard_endpoint" time="0.348" /><testcase classname="backend.tests.test_iter9_credits_referral.TestReferralEndpointsRegression" name="test_referral_landing_page" time="0.694" /><testcase classname="backend.tests.test_iter9_credits_referral.TestReferralEndpointsRegression" name="test_referral_cron_requires_secret" time="1.085" /><testcase classname="backend.tests.test_iter9_credits_referral.TestCreditFieldsConsistency" name="test_credits_fields_match_between_endpoints" time="0.696" /></testsuite></testsuites>