<?xml version="1.0" encoding="utf-8"?><testsuites name="pytest tests"><testsuite name="pytest" errors="0" failures="0" skipped="0" tests="26" time="25.724" timestamp="2026-03-31T19:57:12.675835+00:00" hostname="agent-env-76fe2fbf-e85f-4f74-9eae-aee467c6c084"><testcase classname="backend.tests.test_trial_referral" name="test_health" time="0.583" /><testcase classname="backend.tests.test_trial_referral.TestTrialCreditCapSync" name="test_sync_trial_walk_in_returns_10_credits" time="0.860" /><testcase classname="backend.tests.test_trial_referral.TestTrialCreditCapSync" name="test_sync_trial_booked_out_returns_10_credits" time="1.348" /><testcase classname="backend.tests.test_trial_referral.TestTrialCreditCapSync" name="test_sync_trial_the_shop_returns_10_credits" time="0.776" /><testcase classname="backend.tests.test_trial_referral.TestTrialCreditCapSync" name="test_sync_paid_walk_in_returns_125_credits" time="0.848" /><testcase classname="backend.tests.test_trial_referral.TestTrialCreditCapSync" name="test_sync_paid_booked_out_returns_500_credits" time="0.776" /><testcase classname="backend.tests.test_trial_referral.TestTrialCreditCapSync" name="test_sync_paid_the_shop_returns_1500_credits" time="1.080" /><testcase classname="backend.tests.test_trial_referral.TestTrialCreditCapSync" name="test_sync_sets_is_trial_flag" time="1.160" /><testcase classname="backend.tests.test_trial_referral.TestTrialCreditCapWebhook" name="test_webhook_trial_grants_10_credits" time="1.159" /><testcase classname="backend.tests.test_trial_referral.TestTrialCreditCapWebhook" name="test_webhook_paid_grants_full_credits" time="1.176" /><testcase classname="backend.tests.test_trial_referral.TestNeedsSubscriptionTrial" name="test_needs_subscription_false_for_trial_users" time="1.191" /><testcase classname="backend.tests.test_trial_referral.TestReferralCodeGet" name="test_get_referral_code_returns_code" time="0.841" /><testcase classname="backend.tests.test_trial_referral.TestReferralCodeGet" name="test_get_referral_code_idempotent" time="2.475" /><testcase classname="backend.tests.test_trial_referral.TestReferralCodeGet" name="test_get_referral_code_returns_stats" time="0.744" /><testcase classname="backend.tests.test_trial_referral.TestReferralCodeGet" name="test_get_referral_code_requires_auth" time="0.522" /><testcase classname="backend.tests.test_trial_referral.TestReferralRedeem" name="test_redeem_requires_auth" time="0.415" /><testcase classname="backend.tests.test_trial_referral.TestReferralRedeem" name="test_redeem_missing_code_returns_400" time="0.810" /><testcase classname="backend.tests.test_trial_referral.TestReferralRedeem" name="test_redeem_invalid_code_returns_404" time="1.582" /><testcase classname="backend.tests.test_trial_referral.TestReferralRedeem" name="test_redeem_self_referral_blocked" time="2.823" /><testcase classname="backend.tests.test_trial_referral.TestPaywallRegression" name="test_demo_login_works" time="0.412" /><testcase classname="backend.tests.test_trial_referral.TestPaywallRegression" name="test_subscription_sync_requires_auth" time="0.401" /><testcase classname="backend.tests.test_trial_referral.TestPaywallRegression" name="test_subscription_sync_requires_product_id" time="0.757" /><testcase classname="backend.tests.test_trial_referral.TestPaywallRegression" name="test_subscription_sync_rejects_unknown_product" time="0.806" /><testcase classname="backend.tests.test_trial_referral.TestPaywallRegression" name="test_webhook_requires_auth" time="0.745" /><testcase classname="backend.tests.test_trial_referral.TestPaywallRegression" name="test_cron_refresh_requires_secret" time="0.447" /><testcase classname="backend.tests.test_trial_referral.TestCleanup" name="test_cleanup_restore_demo_to_booked_out_paid" time="0.902" /></testsuite></testsuites>