<?xml version="1.0" encoding="utf-8"?><testsuites name="pytest tests"><testsuite name="pytest" errors="0" failures="0" skipped="2" tests="14" time="2.302" timestamp="2026-04-24T00:51:37.637839+00:00" hostname="agent-env-d25fbf9d-32eb-43a2-bc0d-b325b61c270d"><testcase classname="tests.test_iter11_paywall_regression" name="test_a_subscription_sync_maps_product_to_tier[01-expected0]" time="0.309" /><testcase classname="tests.test_iter11_paywall_regression" name="test_a_subscription_sync_maps_product_to_tier[02-expected1]" time="0.043" /><testcase classname="tests.test_iter11_paywall_regression" name="test_a_subscription_sync_maps_product_to_tier[03-expected2]" time="0.081" /><testcase classname="tests.test_iter11_paywall_regression" name="test_a_subscription_sync_rejects_unknown_product" time="0.041" /><testcase classname="tests.test_iter11_paywall_regression" name="test_b_webhook_rejects_bad_auth" time="0.077" /><testcase classname="tests.test_iter11_paywall_regression" name="test_b_webhook_accepts_valid_auth_initial_purchase" time="0.043" /><testcase classname="tests.test_iter11_paywall_regression" name="test_b_webhook_idempotent_on_replay" time="0.124" /><testcase classname="tests.test_iter11_paywall_regression" name="test_c_credits_deduct_unauthenticated" time="0.080" /><testcase classname="tests.test_iter11_paywall_regression" name="test_c_credits_deduct_decrements_one" time="0.201" /><testcase classname="tests.test_iter11_paywall_regression" name="test_c_credits_deduct_does_not_have_reroll_idempotency" time="0.315" /><testcase classname="tests.test_iter11_paywall_regression" name="test_e_emergency_stencil_requires_zero_credits" time="0.118" /><testcase classname="tests.test_iter11_paywall_regression" name="test_f_credits_deduct_returns_402_at_zero" time="0.156"><skipped type="pytest.skip" message="demo has 125 credits; cannot verify 402 without drain">/app/backend/tests/test_iter11_paywall_regression.py:253: demo has 125 credits; cannot verify 402 without drain</skipped></testcase><testcase classname="tests.test_iter11_paywall_regression" name="test_h_stencil_rating_smoke" time="0.075" /><testcase classname="tests.test_iter11_paywall_regression" name="test_i_ai_stencil_returns_near_black_fraction" time="0.579"><skipped type="pytest.skip" message="AI stencil did not succeed (503); field presence only verifiable on success">/app/backend/tests/test_iter11_paywall_regression.py:296: AI stencil did not succeed (503); field presence only verifiable on success</skipped></testcase></testsuite></testsuites>