<?xml version="1.0" encoding="utf-8"?><testsuites name="pytest tests"><testsuite name="pytest" errors="0" failures="0" skipped="0" tests="26" time="26.520" timestamp="2026-03-01T04:40:03.052598+00:00" hostname="agent-env-3d353dea-23cc-42d0-960d-154bd46c6345"><testcase classname="backend.tests.test_auth_credits.TestDemoLogin" name="test_demo_login_returns_200" time="2.783" /><testcase classname="backend.tests.test_auth_credits.TestDemoLogin" name="test_demo_login_returns_user_and_session_token" time="0.362" /><testcase classname="backend.tests.test_auth_credits.TestDemoLogin" name="test_demo_login_user_has_required_fields" time="0.489" /><testcase classname="backend.tests.test_auth_credits.TestDemoLogin" name="test_demo_login_idempotent" time="0.750" /><testcase classname="backend.tests.test_auth_credits.TestAuthMe" name="test_me_with_valid_token" time="0.765" /><testcase classname="backend.tests.test_auth_credits.TestAuthMe" name="test_me_returns_user_and_credits" time="0.361" /><testcase classname="backend.tests.test_auth_credits.TestAuthMe" name="test_me_user_has_required_fields" time="0.372" /><testcase classname="backend.tests.test_auth_credits.TestAuthMe" name="test_me_credits_has_required_fields" time="0.358" /><testcase classname="backend.tests.test_auth_credits.TestAuthMe" name="test_me_demo_account_has_credits" time="0.379" /><testcase classname="backend.tests.test_auth_credits.TestAuthMe" name="test_me_without_token_returns_401" time="0.374" /><testcase classname="backend.tests.test_auth_credits.TestAuthMe" name="test_me_with_invalid_token_returns_401" time="0.356" /><testcase classname="backend.tests.test_auth_credits.TestCreditsDeduct" name="test_deduct_credit_with_valid_token" time="0.772" /><testcase classname="backend.tests.test_auth_credits.TestCreditsDeduct" name="test_deduct_credit_decrements_atomically" time="0.730" /><testcase classname="backend.tests.test_auth_credits.TestCreditsDeduct" name="test_deduct_credit_without_token_returns_401" time="0.359" /><testcase classname="backend.tests.test_auth_credits.TestCreditsDeduct" name="test_deduct_credit_zero_credits_returns_402" time="5.233" /><testcase classname="backend.tests.test_auth_credits.TestAppleSignIn" name="test_apple_signin_with_mock_token" time="1.106" /><testcase classname="backend.tests.test_auth_credits.TestAppleSignIn" name="test_apple_signin_creates_user" time="1.083" /><testcase classname="backend.tests.test_auth_credits.TestAppleSignIn" name="test_apple_signin_gives_trial_credits" time="1.452" /><testcase classname="backend.tests.test_auth_credits.TestAppleSignIn" name="test_apple_signin_no_duplicate_trial" time="1.774" /><testcase classname="backend.tests.test_auth_credits.TestAccountDelete" name="test_delete_account" time="1.078" /><testcase classname="backend.tests.test_auth_credits.TestAccountDelete" name="test_delete_account_removes_user" time="1.453" /><testcase classname="backend.tests.test_auth_credits.TestAccountDelete" name="test_delete_account_without_token_returns_401" time="0.379" /><testcase classname="backend.tests.test_auth_credits.TestRevenueCatWebhook" name="test_webhook_accepts_initial_purchase" time="1.427" /><testcase classname="backend.tests.test_auth_credits.TestRevenueCatWebhook" name="test_webhook_accepts_renewal" time="0.372" /><testcase classname="backend.tests.test_auth_credits.TestRevenueCatWebhook" name="test_webhook_handles_unknown_event_type" time="0.360" /><testcase classname="backend.tests.test_auth_credits.TestRevenueCatWebhook" name="test_webhook_updates_subscription_on_purchase" time="1.474" /></testsuite></testsuites>